<?xml version="1.0" encoding="UTF-8"?>
<coverage generated="1577898632622" clover="3.2.0">
  <project timestamp="1577898632622" name="All files">
    <metrics statements="79" coveredstatements="76" conditionals="23" coveredconditionals="22" methods="26" coveredmethods="24" elements="128" coveredelements="122" complexity="0" loc="79" ncloc="79" packages="6" files="15" classes="15"/>
    <package name="src">
      <metrics statements="7" coveredstatements="7" conditionals="0" coveredconditionals="0" methods="1" coveredmethods="1"/>
      <file name="app.js" path="/Users/jamesenejo/Projects/Invergent/SmartFix/sf-be/src/app.js">
        <metrics statements="7" coveredstatements="7" conditionals="0" coveredconditionals="0" methods="1" coveredmethods="1"/>
        <line num="9" count="2" type="stmt"/>
        <line num="11" count="2" type="stmt"/>
        <line num="12" count="2" type="stmt"/>
        <line num="13" count="2" type="stmt"/>
        <line num="15" count="2" type="stmt"/>
        <line num="17" count="2" type="stmt"/>
        <line num="18" count="2" type="stmt"/>
      </file>
    </package>
    <package name="src.core">
      <metrics statements="11" coveredstatements="11" conditionals="0" coveredconditionals="0" methods="3" coveredmethods="3"/>
      <file name="Order.js" path="/Users/jamesenejo/Projects/Invergent/SmartFix/sf-be/src/core/Order.js">
        <metrics statements="11" coveredstatements="11" conditionals="0" coveredconditionals="0" methods="3" coveredmethods="3"/>
        <line num="4" count="2" type="stmt"/>
        <line num="5" count="2" type="stmt"/>
        <line num="9" count="2" type="stmt"/>
        <line num="11" count="2" type="stmt"/>
        <line num="12" count="2" type="stmt"/>
        <line num="13" count="2" type="stmt"/>
        <line num="14" count="1" type="stmt"/>
        <line num="15" count="1" type="stmt"/>
        <line num="16" count="1" type="stmt"/>
        <line num="18" count="1" type="stmt"/>
        <line num="23" count="2" type="stmt"/>
      </file>
    </package>
    <package name="src.routes">
      <metrics statements="7" coveredstatements="7" conditionals="2" coveredconditionals="2" methods="2" coveredmethods="2"/>
      <file name="Controller.js" path="/Users/jamesenejo/Projects/Invergent/SmartFix/sf-be/src/routes/Controller.js">
        <metrics statements="4" coveredstatements="4" conditionals="0" coveredconditionals="0" methods="1" coveredmethods="1"/>
        <line num="5" count="2" type="stmt"/>
        <line num="6" count="2" type="stmt"/>
        <line num="10" count="2" type="stmt"/>
        <line num="13" count="2" type="stmt"/>
      </file>
      <file name="RequestValidator.js" path="/Users/jamesenejo/Projects/Invergent/SmartFix/sf-be/src/routes/RequestValidator.js">
        <metrics statements="3" coveredstatements="3" conditionals="2" coveredconditionals="2" methods="1" coveredmethods="1"/>
        <line num="6" count="2" type="stmt"/>
        <line num="12" count="7" type="stmt"/>
        <line num="13" count="7" type="cond" truecount="2" falsecount="0"/>
      </file>
    </package>
    <package name="src.services">
      <metrics statements="6" coveredstatements="6" conditionals="0" coveredconditionals="0" methods="3" coveredmethods="3"/>
      <file name="OrderService.js" path="/Users/jamesenejo/Projects/Invergent/SmartFix/sf-be/src/services/OrderService.js">
        <metrics statements="3" coveredstatements="3" conditionals="0" coveredconditionals="0" methods="2" coveredmethods="2"/>
        <line num="3" count="2" type="stmt"/>
        <line num="7" count="1" type="stmt"/>
        <line num="11" count="1" type="stmt"/>
      </file>
      <file name="UserService.js" path="/Users/jamesenejo/Projects/Invergent/SmartFix/sf-be/src/services/UserService.js">
        <metrics statements="3" coveredstatements="3" conditionals="0" coveredconditionals="0" methods="1" coveredmethods="1"/>
        <line num="3" count="2" type="stmt"/>
        <line num="7" count="2" type="stmt"/>
        <line num="9" count="2" type="stmt"/>
      </file>
    </package>
    <package name="src.tests.utils">
      <metrics statements="4" coveredstatements="3" conditionals="0" coveredconditionals="0" methods="1" coveredmethods="1"/>
      <file name="commonAssertions.js" path="/Users/jamesenejo/Projects/Invergent/SmartFix/sf-be/src/tests/utils/commonAssertions.js">
        <metrics statements="3" coveredstatements="3" conditionals="0" coveredconditionals="0" methods="1" coveredmethods="1"/>
        <line num="3" count="5" type="stmt"/>
        <line num="4" count="5" type="stmt"/>
        <line num="5" count="5" type="stmt"/>
      </file>
      <file name="userToken.js" path="/Users/jamesenejo/Projects/Invergent/SmartFix/sf-be/src/tests/utils/userToken.js">
        <metrics statements="1" coveredstatements="0" conditionals="0" coveredconditionals="0" methods="0" coveredmethods="0"/>
        <line num="1" count="0" type="stmt"/>
      </file>
    </package>
    <package name="src.utility">
      <metrics statements="44" coveredstatements="42" conditionals="21" coveredconditionals="20" methods="16" coveredmethods="14"/>
      <file name="ErrorHandler.js" path="/Users/jamesenejo/Projects/Invergent/SmartFix/sf-be/src/utility/ErrorHandler.js">
        <metrics statements="6" coveredstatements="6" conditionals="3" coveredconditionals="2" methods="2" coveredmethods="2"/>
        <line num="3" count="2" type="stmt"/>
        <line num="7" count="1" type="stmt"/>
        <line num="11" count="1" type="stmt"/>
        <line num="13" count="1" type="cond" truecount="1" falsecount="1"/>
        <line num="14" count="1" type="stmt"/>
        <line num="15" count="1" type="stmt"/>
      </file>
      <file name="Respond.js" path="/Users/jamesenejo/Projects/Invergent/SmartFix/sf-be/src/utility/Respond.js">
        <metrics statements="6" coveredstatements="4" conditionals="0" coveredconditionals="0" methods="6" coveredmethods="4"/>
        <line num="3" count="7" type="stmt"/>
        <line num="7" count="1" type="stmt"/>
        <line num="11" count="5" type="stmt"/>
        <line num="15" count="0" type="stmt"/>
        <line num="19" count="1" type="stmt"/>
        <line num="27" count="0" type="stmt"/>
      </file>
      <file name="Validation.js" path="/Users/jamesenejo/Projects/Invergent/SmartFix/sf-be/src/utility/Validation.js">
        <metrics statements="27" coveredstatements="27" conditionals="18" coveredconditionals="18" methods="8" coveredmethods="8"/>
        <line num="3" count="7" type="stmt"/>
        <line num="4" count="7" type="stmt"/>
        <line num="5" count="7" type="stmt"/>
        <line num="6" count="7" type="stmt"/>
        <line num="8" count="7" type="cond" truecount="2" falsecount="0"/>
        <line num="9" count="6" type="cond" truecount="2" falsecount="0"/>
        <line num="11" count="5" type="stmt"/>
        <line num="12" count="5" type="stmt"/>
        <line num="16" count="7" type="cond" truecount="2" falsecount="0"/>
        <line num="17" count="1" type="stmt"/>
        <line num="18" count="1" type="stmt"/>
        <line num="23" count="6" type="stmt"/>
        <line num="24" count="12" type="cond" truecount="2" falsecount="0"/>
        <line num="25" count="12" type="stmt"/>
        <line num="28" count="6" type="cond" truecount="2" falsecount="0"/>
        <line num="29" count="1" type="stmt"/>
        <line num="30" count="1" type="stmt"/>
        <line num="35" count="5" type="stmt"/>
        <line num="36" count="5" type="stmt"/>
        <line num="40" count="5" type="stmt"/>
        <line num="41" count="5" type="cond" truecount="2" falsecount="0"/>
        <line num="42" count="4" type="cond" truecount="2" falsecount="0"/>
        <line num="44" count="7" type="stmt"/>
        <line num="46" count="3" type="cond" truecount="2" falsecount="0"/>
        <line num="47" count="2" type="stmt"/>
        <line num="51" count="5" type="cond" truecount="2" falsecount="0"/>
        <line num="52" count="4" type="stmt"/>
      </file>
      <file name="expectedFields.js" path="/Users/jamesenejo/Projects/Invergent/SmartFix/sf-be/src/utility/expectedFields.js">
        <metrics statements="0" coveredstatements="0" conditionals="0" coveredconditionals="0" methods="0" coveredmethods="0"/>
      </file>
      <file name="regexen.js" path="/Users/jamesenejo/Projects/Invergent/SmartFix/sf-be/src/utility/regexen.js">
        <metrics statements="0" coveredstatements="0" conditionals="0" coveredconditionals="0" methods="0" coveredmethods="0"/>
      </file>
      <file name="types.js" path="/Users/jamesenejo/Projects/Invergent/SmartFix/sf-be/src/utility/types.js">
        <metrics statements="4" coveredstatements="4" conditionals="0" coveredconditionals="0" methods="0" coveredmethods="0"/>
        <line num="1" count="2" type="stmt"/>
        <line num="11" count="2" type="stmt"/>
        <line num="18" count="2" type="stmt"/>
        <line num="23" count="2" type="stmt"/>
      </file>
      <file name="urls.js" path="/Users/jamesenejo/Projects/Invergent/SmartFix/sf-be/src/utility/urls.js">
        <metrics statements="1" coveredstatements="1" conditionals="0" coveredconditionals="0" methods="0" coveredmethods="0"/>
        <line num="1" count="2" type="stmt"/>
      </file>
    </package>
  </project>
</coverage>
