{"/Users/jamesenejo/Projects/Invergent/SmartFix/sf-be/src/app.js": {"path":"/Users/jamesenejo/Projects/Invergent/SmartFix/sf-be/src/app.js","statementMap":{"0":{"start":{"line":9,"column":12},"end":{"line":9,"column":21}},"1":{"start":{"line":11,"column":0},"end":{"line":11,"column":51}},"2":{"start":{"line":12,"column":0},"end":{"line":12,"column":27}},"3":{"start":{"line":13,"column":0},"end":{"line":13,"column":24}},"4":{"start":{"line":15,"column":0},"end":{"line":15,"column":28}},"5":{"start":{"line":17,"column":0},"end":{"line":17,"column":21}},"6":{"start":{"line":18,"column":0},"end":{"line":18,"column":81}},"7":{"start":{"line":18,"column":27},"end":{"line":18,"column":79}}},"fnMap":{"0":{"name":"(anonymous_0)","decl":{"start":{"line":18,"column":13},"end":{"line":18,"column":14}},"loc":{"start":{"line":18,"column":27},"end":{"line":18,"column":79}},"line":18}},"branchMap":{},"s":{"0":2,"1":2,"2":2,"3":2,"4":2,"5":2,"6":2,"7":1},"f":{"0":1},"b":{},"_coverageSchema":"43e27e138ebf9cfc5966b082cf9a028302ed4184","hash":"affb1742894f589e40100804497e719f4c6cc1fe"}
,"/Users/jamesenejo/Projects/Invergent/SmartFix/sf-be/src/core/Order.js": {"path":"/Users/jamesenejo/Projects/Invergent/SmartFix/sf-be/src/core/Order.js","statementMap":{"0":{"start":{"line":4,"column":38},"end":{"line":4,"column":46}},"1":{"start":{"line":5,"column":51},"end":{"line":5,"column":58}},"2":{"start":{"line":9,"column":29},"end":{"line":9,"column":42}},"3":{"start":{"line":11,"column":4},"end":{"line":19,"column":5}},"4":{"start":{"line":12,"column":25},"end":{"line":12,"column":62}},"5":{"start":{"line":13,"column":20},"end":{"line":13,"column":63}},"6":{"start":{"line":14,"column":27},"end":{"line":14,"column":69}},"7":{"start":{"line":15,"column":25},"end":{"line":15,"column":74}},"8":{"start":{"line":16,"column":6},"end":{"line":16,"column":63}},"9":{"start":{"line":18,"column":6},"end":{"line":18,"column":40}},"10":{"start":{"line":23,"column":4},"end":{"line":23,"column":66}},"11":{"start":{"line":23,"column":35},"end":{"line":23,"column":63}}},"fnMap":{"0":{"name":"(anonymous_0)","decl":{"start":{"line":8,"column":2},"end":{"line":8,"column":3}},"loc":{"start":{"line":8,"column":37},"end":{"line":20,"column":3}},"line":8},"1":{"name":"(anonymous_1)","decl":{"start":{"line":22,"column":2},"end":{"line":22,"column":3}},"loc":{"start":{"line":22,"column":50},"end":{"line":24,"column":3}},"line":22},"2":{"name":"(anonymous_2)","decl":{"start":{"line":23,"column":26},"end":{"line":23,"column":27}},"loc":{"start":{"line":23,"column":35},"end":{"line":23,"column":63}},"line":23}},"branchMap":{},"s":{"0":2,"1":2,"2":2,"3":2,"4":2,"5":2,"6":1,"7":1,"8":1,"9":1,"10":1,"11":2},"f":{"0":2,"1":1,"2":2},"b":{},"_coverageSchema":"43e27e138ebf9cfc5966b082cf9a028302ed4184","hash":"5686a1935449669b69b57b330ae3d0e9cc60f9bb"}
,"/Users/jamesenejo/Projects/Invergent/SmartFix/sf-be/src/routes/Controller.js": {"path":"/Users/jamesenejo/Projects/Invergent/SmartFix/sf-be/src/routes/Controller.js","statementMap":{"0":{"start":{"line":5,"column":18},"end":{"line":5,"column":22}},"1":{"start":{"line":6,"column":20},"end":{"line":6,"column":27}},"2":{"start":{"line":10,"column":27},"end":{"line":10,"column":55}},"3":{"start":{"line":13,"column":4},"end":{"line":13,"column":43}}},"fnMap":{"0":{"name":"(anonymous_0)","decl":{"start":{"line":9,"column":2},"end":{"line":9,"column":3}},"loc":{"start":{"line":9,"column":37},"end":{"line":14,"column":3}},"line":9}},"branchMap":{},"s":{"0":2,"1":2,"2":2,"3":2},"f":{"0":2},"b":{},"_coverageSchema":"43e27e138ebf9cfc5966b082cf9a028302ed4184","hash":"2647e174bb5ce13aae39ee40758801a2382bdfb7"}
,"/Users/jamesenejo/Projects/Invergent/SmartFix/sf-be/src/routes/RequestValidator.js": {"path":"/Users/jamesenejo/Projects/Invergent/SmartFix/sf-be/src/routes/RequestValidator.js","statementMap":{"0":{"start":{"line":6,"column":4},"end":{"line":6,"column":11}},"1":{"start":{"line":12,"column":19},"end":{"line":12,"column":83}},"2":{"start":{"line":13,"column":4},"end":{"line":13,"column":76}}},"fnMap":{"0":{"name":"(anonymous_0)","decl":{"start":{"line":11,"column":2},"end":{"line":11,"column":3}},"loc":{"start":{"line":11,"column":39},"end":{"line":14,"column":3}},"line":11}},"branchMap":{"0":{"loc":{"start":{"line":13,"column":11},"end":{"line":13,"column":75}},"type":"cond-expr","locations":[{"start":{"line":13,"column":27},"end":{"line":13,"column":66}},{"start":{"line":13,"column":69},"end":{"line":13,"column":75}}],"line":13}},"s":{"0":2,"1":7,"2":7},"f":{"0":7},"b":{"0":[5,2]},"_coverageSchema":"43e27e138ebf9cfc5966b082cf9a028302ed4184","hash":"c0cd75dcbf4c53e80673148aea7a3c46c19de2f6"}
,"/Users/jamesenejo/Projects/Invergent/SmartFix/sf-be/src/services/OrderService.js": {"path":"/Users/jamesenejo/Projects/Invergent/SmartFix/sf-be/src/services/OrderService.js","statementMap":{"0":{"start":{"line":3,"column":29},"end":{"line":3,"column":35}},"1":{"start":{"line":7,"column":4},"end":{"line":7,"column":48}},"2":{"start":{"line":11,"column":4},"end":{"line":11,"column":44}}},"fnMap":{"0":{"name":"(anonymous_0)","decl":{"start":{"line":6,"column":2},"end":{"line":6,"column":3}},"loc":{"start":{"line":6,"column":29},"end":{"line":8,"column":3}},"line":6},"1":{"name":"(anonymous_1)","decl":{"start":{"line":10,"column":2},"end":{"line":10,"column":3}},"loc":{"start":{"line":10,"column":38},"end":{"line":12,"column":3}},"line":10}},"branchMap":{},"s":{"0":2,"1":1,"2":1},"f":{"0":1,"1":1},"b":{},"_coverageSchema":"43e27e138ebf9cfc5966b082cf9a028302ed4184","hash":"e94070110559d739e0055f4e95a8910cb5ed9270"}
,"/Users/jamesenejo/Projects/Invergent/SmartFix/sf-be/src/services/UserService.js": {"path":"/Users/jamesenejo/Projects/Invergent/SmartFix/sf-be/src/services/UserService.js","statementMap":{"0":{"start":{"line":3,"column":17},"end":{"line":3,"column":23}},"1":{"start":{"line":7,"column":17},"end":{"line":7,"column":26}},"2":{"start":{"line":9,"column":4},"end":{"line":12,"column":7}}},"fnMap":{"0":{"name":"(anonymous_0)","decl":{"start":{"line":6,"column":2},"end":{"line":6,"column":3}},"loc":{"start":{"line":6,"column":29},"end":{"line":13,"column":3}},"line":6}},"branchMap":{},"s":{"0":2,"1":2,"2":2},"f":{"0":2},"b":{},"_coverageSchema":"43e27e138ebf9cfc5966b082cf9a028302ed4184","hash":"4e5ebfceb76ba1a079746a83174808bf9c886842"}
,"/Users/jamesenejo/Projects/Invergent/SmartFix/sf-be/src/tests/utils/commonAssertions.js": {"path":"/Users/jamesenejo/Projects/Invergent/SmartFix/sf-be/src/tests/utils/commonAssertions.js","statementMap":{"0":{"start":{"line":3,"column":4},"end":{"line":3,"column":33}},"1":{"start":{"line":4,"column":4},"end":{"line":4,"column":55}},"2":{"start":{"line":5,"column":4},"end":{"line":5,"column":65}}},"fnMap":{"0":{"name":"(anonymous_0)","decl":{"start":{"line":2,"column":14},"end":{"line":2,"column":15}},"loc":{"start":{"line":2,"column":47},"end":{"line":6,"column":3}},"line":2}},"branchMap":{},"s":{"0":5,"1":5,"2":5},"f":{"0":5},"b":{},"_coverageSchema":"43e27e138ebf9cfc5966b082cf9a028302ed4184","hash":"9a5b7d996770f0f561af9f9b5183a8ecbf12e3a9"}
,"/Users/jamesenejo/Projects/Invergent/SmartFix/sf-be/src/tests/utils/userToken.js": {"path":"/Users/jamesenejo/Projects/Invergent/SmartFix/sf-be/src/tests/utils/userToken.js","statementMap":{"0":{"start":{"line":1,"column":18},"end":{"line":1,"column":614}}},"fnMap":{},"branchMap":{},"s":{"0":0},"f":{},"b":{},"hash":"a7f2bce9f9d6004f26f52bff7b6acf70b3596bb7"}
,"/Users/jamesenejo/Projects/Invergent/SmartFix/sf-be/src/utility/ErrorHandler.js": {"path":"/Users/jamesenejo/Projects/Invergent/SmartFix/sf-be/src/utility/ErrorHandler.js","statementMap":{"0":{"start":{"line":3,"column":26},"end":{"line":3,"column":31}},"1":{"start":{"line":7,"column":4},"end":{"line":7,"column":23}},"2":{"start":{"line":11,"column":4},"end":{"line":11,"column":28}},"3":{"start":{"line":13,"column":4},"end":{"line":16,"column":5}},"4":{"start":{"line":14,"column":18},"end":{"line":14,"column":54}},"5":{"start":{"line":15,"column":6},"end":{"line":15,"column":48}}},"fnMap":{"0":{"name":"(anonymous_0)","decl":{"start":{"line":6,"column":2},"end":{"line":6,"column":3}},"loc":{"start":{"line":6,"column":20},"end":{"line":8,"column":3}},"line":6},"1":{"name":"(anonymous_1)","decl":{"start":{"line":10,"column":2},"end":{"line":10,"column":3}},"loc":{"start":{"line":10,"column":56},"end":{"line":17,"column":3}},"line":10}},"branchMap":{"0":{"loc":{"start":{"line":10,"column":31},"end":{"line":10,"column":54}},"type":"default-arg","locations":[{"start":{"line":10,"column":50},"end":{"line":10,"column":54}}],"line":10},"1":{"loc":{"start":{"line":13,"column":4},"end":{"line":16,"column":5}},"type":"if","locations":[{"start":{"line":13,"column":4},"end":{"line":16,"column":5}},{"start":{"line":13,"column":4},"end":{"line":16,"column":5}}],"line":13}},"s":{"0":2,"1":1,"2":1,"3":1,"4":1,"5":1},"f":{"0":1,"1":1},"b":{"0":[1],"1":[1,0]},"_coverageSchema":"43e27e138ebf9cfc5966b082cf9a028302ed4184","hash":"ab31c737e1b2db3e35c44ec01346821530d240e7"}
,"/Users/jamesenejo/Projects/Invergent/SmartFix/sf-be/src/utility/Respond.js": {"path":"/Users/jamesenejo/Projects/Invergent/SmartFix/sf-be/src/utility/Respond.js","statementMap":{"0":{"start":{"line":3,"column":4},"end":{"line":3,"column":44}},"1":{"start":{"line":7,"column":4},"end":{"line":7,"column":62}},"2":{"start":{"line":11,"column":4},"end":{"line":11,"column":74}},"3":{"start":{"line":15,"column":4},"end":{"line":15,"column":65}},"4":{"start":{"line":19,"column":4},"end":{"line":19,"column":71}},"5":{"start":{"line":27,"column":4},"end":{"line":27,"column":69}}},"fnMap":{"0":{"name":"(anonymous_0)","decl":{"start":{"line":2,"column":2},"end":{"line":2,"column":3}},"loc":{"start":{"line":2,"column":39},"end":{"line":4,"column":3}},"line":2},"1":{"name":"(anonymous_1)","decl":{"start":{"line":6,"column":2},"end":{"line":6,"column":3}},"loc":{"start":{"line":6,"column":28},"end":{"line":8,"column":3}},"line":6},"2":{"name":"(anonymous_2)","decl":{"start":{"line":10,"column":2},"end":{"line":10,"column":3}},"loc":{"start":{"line":10,"column":33},"end":{"line":12,"column":3}},"line":10},"3":{"name":"(anonymous_3)","decl":{"start":{"line":14,"column":2},"end":{"line":14,"column":3}},"loc":{"start":{"line":14,"column":31},"end":{"line":16,"column":3}},"line":14},"4":{"name":"(anonymous_4)","decl":{"start":{"line":18,"column":2},"end":{"line":18,"column":3}},"loc":{"start":{"line":18,"column":36},"end":{"line":20,"column":3}},"line":18},"5":{"name":"(anonymous_5)","decl":{"start":{"line":26,"column":2},"end":{"line":26,"column":3}},"loc":{"start":{"line":26,"column":35},"end":{"line":28,"column":3}},"line":26}},"branchMap":{},"s":{"0":7,"1":1,"2":5,"3":0,"4":1,"5":0},"f":{"0":7,"1":1,"2":5,"3":0,"4":1,"5":0},"b":{},"_coverageSchema":"43e27e138ebf9cfc5966b082cf9a028302ed4184","hash":"6a1f5fed67a477f842f33a43f885b189ee8ef68b"}
,"/Users/jamesenejo/Projects/Invergent/SmartFix/sf-be/src/utility/Validation.js": {"path":"/Users/jamesenejo/Projects/Invergent/SmartFix/sf-be/src/utility/Validation.js","statementMap":{"0":{"start":{"line":3,"column":4},"end":{"line":3,"column":21}},"1":{"start":{"line":4,"column":4},"end":{"line":4,"column":39}},"2":{"start":{"line":5,"column":4},"end":{"line":5,"column":23}},"3":{"start":{"line":6,"column":4},"end":{"line":6,"column":21}},"4":{"start":{"line":8,"column":4},"end":{"line":8,"column":50}},"5":{"start":{"line":8,"column":31},"end":{"line":8,"column":50}},"6":{"start":{"line":9,"column":4},"end":{"line":9,"column":49}},"7":{"start":{"line":9,"column":30},"end":{"line":9,"column":49}},"8":{"start":{"line":11,"column":4},"end":{"line":11,"column":23}},"9":{"start":{"line":12,"column":4},"end":{"line":12,"column":23}},"10":{"start":{"line":16,"column":4},"end":{"line":19,"column":5}},"11":{"start":{"line":17,"column":6},"end":{"line":17,"column":40}},"12":{"start":{"line":18,"column":6},"end":{"line":18,"column":18}},"13":{"start":{"line":23,"column":25},"end":{"line":26,"column":10}},"14":{"start":{"line":24,"column":6},"end":{"line":24,"column":45}},"15":{"start":{"line":24,"column":29},"end":{"line":24,"column":45}},"16":{"start":{"line":25,"column":6},"end":{"line":25,"column":17}},"17":{"start":{"line":28,"column":4},"end":{"line":31,"column":5}},"18":{"start":{"line":29,"column":6},"end":{"line":29,"column":58}},"19":{"start":{"line":30,"column":6},"end":{"line":30,"column":18}},"20":{"start":{"line":35,"column":4},"end":{"line":35,"column":43}},"21":{"start":{"line":36,"column":4},"end":{"line":36,"column":43}},"22":{"start":{"line":40,"column":22},"end":{"line":40,"column":31}},"23":{"start":{"line":41,"column":4},"end":{"line":41,"column":80}},"24":{"start":{"line":41,"column":31},"end":{"line":41,"column":80}},"25":{"start":{"line":42,"column":4},"end":{"line":42,"column":77}},"26":{"start":{"line":42,"column":33},"end":{"line":42,"column":77}},"27":{"start":{"line":44,"column":23},"end":{"line":44,"column":67}},"28":{"start":{"line":44,"column":43},"end":{"line":44,"column":66}},"29":{"start":{"line":46,"column":4},"end":{"line":46,"column":66}},"30":{"start":{"line":46,"column":21},"end":{"line":46,"column":66}},"31":{"start":{"line":47,"column":4},"end":{"line":47,"column":14}},"32":{"start":{"line":51,"column":4},"end":{"line":51,"column":81}},"33":{"start":{"line":51,"column":49},"end":{"line":51,"column":81}},"34":{"start":{"line":52,"column":4},"end":{"line":52,"column":14}}},"fnMap":{"0":{"name":"(anonymous_0)","decl":{"start":{"line":2,"column":2},"end":{"line":2,"column":3}},"loc":{"start":{"line":2,"column":50},"end":{"line":13,"column":3}},"line":2},"1":{"name":"(anonymous_1)","decl":{"start":{"line":15,"column":2},"end":{"line":15,"column":3}},"loc":{"start":{"line":15,"column":19},"end":{"line":20,"column":3}},"line":15},"2":{"name":"(anonymous_2)","decl":{"start":{"line":22,"column":2},"end":{"line":22,"column":3}},"loc":{"start":{"line":22,"column":18},"end":{"line":32,"column":3}},"line":22},"3":{"name":"(anonymous_3)","decl":{"start":{"line":23,"column":51},"end":{"line":23,"column":52}},"loc":{"start":{"line":23,"column":67},"end":{"line":26,"column":5}},"line":23},"4":{"name":"(anonymous_4)","decl":{"start":{"line":34,"column":2},"end":{"line":34,"column":3}},"loc":{"start":{"line":34,"column":10},"end":{"line":37,"column":3}},"line":34},"5":{"name":"(anonymous_5)","decl":{"start":{"line":39,"column":2},"end":{"line":39,"column":3}},"loc":{"start":{"line":39,"column":15},"end":{"line":48,"column":3}},"line":39},"6":{"name":"(anonymous_6)","decl":{"start":{"line":44,"column":35},"end":{"line":44,"column":36}},"loc":{"start":{"line":44,"column":43},"end":{"line":44,"column":66}},"line":44},"7":{"name":"(anonymous_7)","decl":{"start":{"line":50,"column":2},"end":{"line":50,"column":3}},"loc":{"start":{"line":50,"column":15},"end":{"line":53,"column":3}},"line":50}},"branchMap":{"0":{"loc":{"start":{"line":8,"column":4},"end":{"line":8,"column":50}},"type":"if","locations":[{"start":{"line":8,"column":4},"end":{"line":8,"column":50}},{"start":{"line":8,"column":4},"end":{"line":8,"column":50}}],"line":8},"1":{"loc":{"start":{"line":9,"column":4},"end":{"line":9,"column":49}},"type":"if","locations":[{"start":{"line":9,"column":4},"end":{"line":9,"column":49}},{"start":{"line":9,"column":4},"end":{"line":9,"column":49}}],"line":9},"2":{"loc":{"start":{"line":16,"column":4},"end":{"line":19,"column":5}},"type":"if","locations":[{"start":{"line":16,"column":4},"end":{"line":19,"column":5}},{"start":{"line":16,"column":4},"end":{"line":19,"column":5}}],"line":16},"3":{"loc":{"start":{"line":24,"column":6},"end":{"line":24,"column":45}},"type":"if","locations":[{"start":{"line":24,"column":6},"end":{"line":24,"column":45}},{"start":{"line":24,"column":6},"end":{"line":24,"column":45}}],"line":24},"4":{"loc":{"start":{"line":28,"column":4},"end":{"line":31,"column":5}},"type":"if","locations":[{"start":{"line":28,"column":4},"end":{"line":31,"column":5}},{"start":{"line":28,"column":4},"end":{"line":31,"column":5}}],"line":28},"5":{"loc":{"start":{"line":41,"column":4},"end":{"line":41,"column":80}},"type":"if","locations":[{"start":{"line":41,"column":4},"end":{"line":41,"column":80}},{"start":{"line":41,"column":4},"end":{"line":41,"column":80}}],"line":41},"6":{"loc":{"start":{"line":42,"column":4},"end":{"line":42,"column":77}},"type":"if","locations":[{"start":{"line":42,"column":4},"end":{"line":42,"column":77}},{"start":{"line":42,"column":4},"end":{"line":42,"column":77}}],"line":42},"7":{"loc":{"start":{"line":46,"column":4},"end":{"line":46,"column":66}},"type":"if","locations":[{"start":{"line":46,"column":4},"end":{"line":46,"column":66}},{"start":{"line":46,"column":4},"end":{"line":46,"column":66}}],"line":46},"8":{"loc":{"start":{"line":51,"column":4},"end":{"line":51,"column":81}},"type":"if","locations":[{"start":{"line":51,"column":4},"end":{"line":51,"column":81}},{"start":{"line":51,"column":4},"end":{"line":51,"column":81}}],"line":51}},"s":{"0":7,"1":7,"2":7,"3":7,"4":7,"5":1,"6":6,"7":1,"8":5,"9":5,"10":7,"11":1,"12":1,"13":6,"14":12,"15":1,"16":12,"17":6,"18":1,"19":1,"20":5,"21":5,"22":5,"23":5,"24":1,"25":4,"26":1,"27":3,"28":7,"29":3,"30":1,"31":2,"32":5,"33":1,"34":4},"f":{"0":7,"1":7,"2":6,"3":12,"4":5,"5":5,"6":7,"7":5},"b":{"0":[1,6],"1":[1,5],"2":[1,6],"3":[1,11],"4":[1,5],"5":[1,4],"6":[1,3],"7":[1,2],"8":[1,4]},"_coverageSchema":"43e27e138ebf9cfc5966b082cf9a028302ed4184","hash":"d436a95ef75db061151f8270c2b4e2959edc4c9b"}
,"/Users/jamesenejo/Projects/Invergent/SmartFix/sf-be/src/utility/expectedFields.js": {"path":"/Users/jamesenejo/Projects/Invergent/SmartFix/sf-be/src/utility/expectedFields.js","statementMap":{},"fnMap":{},"branchMap":{},"s":{},"f":{},"b":{},"_coverageSchema":"43e27e138ebf9cfc5966b082cf9a028302ed4184","hash":"f23fea8c0a74a4b4ee7605c40cf21c1da7d4175f"}
,"/Users/jamesenejo/Projects/Invergent/SmartFix/sf-be/src/utility/regexen.js": {"path":"/Users/jamesenejo/Projects/Invergent/SmartFix/sf-be/src/utility/regexen.js","statementMap":{},"fnMap":{},"branchMap":{},"s":{},"f":{},"b":{},"_coverageSchema":"43e27e138ebf9cfc5966b082cf9a028302ed4184","hash":"53cc81dee224c362d7512f0a600a6cc0c66ede42"}
,"/Users/jamesenejo/Projects/Invergent/SmartFix/sf-be/src/utility/types.js": {"path":"/Users/jamesenejo/Projects/Invergent/SmartFix/sf-be/src/utility/types.js","statementMap":{"0":{"start":{"line":1,"column":22},"end":{"line":9,"column":2}},"1":{"start":{"line":11,"column":21},"end":{"line":16,"column":2}},"2":{"start":{"line":18,"column":20},"end":{"line":21,"column":2}},"3":{"start":{"line":23,"column":20},"end":{"line":28,"column":2}}},"fnMap":{},"branchMap":{},"s":{"0":2,"1":2,"2":2,"3":2},"f":{},"b":{},"_coverageSchema":"43e27e138ebf9cfc5966b082cf9a028302ed4184","hash":"c5311e27050383a80c5daae369907b070785e9e6"}
,"/Users/jamesenejo/Projects/Invergent/SmartFix/sf-be/src/utility/urls.js": {"path":"/Users/jamesenejo/Projects/Invergent/SmartFix/sf-be/src/utility/urls.js","statementMap":{"0":{"start":{"line":1,"column":19},"end":{"line":27,"column":1}}},"fnMap":{},"branchMap":{},"s":{"0":2},"f":{},"b":{},"_coverageSchema":"43e27e138ebf9cfc5966b082cf9a028302ed4184","hash":"ea9de2fcbf7cd240c2027c506e613dd351d8c75d"}
}
