{"/Users/jamesenejo/Projects/Invergent/SmartFix/sf-be/src/app.js": {"path":"/Users/jamesenejo/Projects/Invergent/SmartFix/sf-be/src/app.js","statementMap":{"0":{"start":{"line":9,"column":12},"end":{"line":9,"column":21}},"1":{"start":{"line":11,"column":0},"end":{"line":11,"column":51}},"2":{"start":{"line":12,"column":0},"end":{"line":12,"column":27}},"3":{"start":{"line":13,"column":0},"end":{"line":13,"column":24}},"4":{"start":{"line":15,"column":0},"end":{"line":15,"column":28}},"5":{"start":{"line":17,"column":0},"end":{"line":17,"column":21}},"6":{"start":{"line":18,"column":0},"end":{"line":18,"column":81}},"7":{"start":{"line":18,"column":27},"end":{"line":18,"column":79}}},"fnMap":{"0":{"name":"(anonymous_0)","decl":{"start":{"line":18,"column":13},"end":{"line":18,"column":14}},"loc":{"start":{"line":18,"column":27},"end":{"line":18,"column":79}},"line":18}},"branchMap":{},"s":{"0":1,"1":1,"2":1,"3":1,"4":1,"5":1,"6":1,"7":1},"f":{"0":1},"b":{},"_coverageSchema":"43e27e138ebf9cfc5966b082cf9a028302ed4184","hash":"affb1742894f589e40100804497e719f4c6cc1fe"}
}
