TN:
SF:/Users/jamesenejo/Projects/Invergent/SmartFix/sf-be/src/app.js
FN:18,(anonymous_0)
FNF:1
FNH:1
FNDA:1,(anonymous_0)
DA:9,2
DA:11,2
DA:12,2
DA:13,2
DA:15,2
DA:17,2
DA:18,2
LF:7
LH:7
BRF:0
BRH:0
end_of_record
TN:
SF:/Users/jamesenejo/Projects/Invergent/SmartFix/sf-be/src/core/Order.js
FN:8,(anonymous_0)
FN:22,(anonymous_1)
FN:23,(anonymous_2)
FNF:3
FNH:3
FNDA:2,(anonymous_0)
FNDA:1,(anonymous_1)
FNDA:2,(anonymous_2)
DA:4,2
DA:5,2
DA:9,2
DA:11,2
DA:12,2
DA:13,2
DA:14,1
DA:15,1
DA:16,1
DA:18,1
DA:23,2
LF:11
LH:11
BRF:0
BRH:0
end_of_record
TN:
SF:/Users/jamesenejo/Projects/Invergent/SmartFix/sf-be/src/routes/Controller.js
FN:9,(anonymous_0)
FNF:1
FNH:1
FNDA:2,(anonymous_0)
DA:5,2
DA:6,2
DA:10,2
DA:13,2
LF:4
LH:4
BRF:0
BRH:0
end_of_record
TN:
SF:/Users/jamesenejo/Projects/Invergent/SmartFix/sf-be/src/routes/RequestValidator.js
FN:11,(anonymous_0)
FNF:1
FNH:1
FNDA:7,(anonymous_0)
DA:6,2
DA:12,7
DA:13,7
LF:3
LH:3
BRDA:13,0,0,5
BRDA:13,0,1,2
BRF:2
BRH:2
end_of_record
TN:
SF:/Users/jamesenejo/Projects/Invergent/SmartFix/sf-be/src/services/OrderService.js
FN:6,(anonymous_0)
FN:10,(anonymous_1)
FNF:2
FNH:2
FNDA:1,(anonymous_0)
FNDA:1,(anonymous_1)
DA:3,2
DA:7,1
DA:11,1
LF:3
LH:3
BRF:0
BRH:0
end_of_record
TN:
SF:/Users/jamesenejo/Projects/Invergent/SmartFix/sf-be/src/services/UserService.js
FN:6,(anonymous_0)
FNF:1
FNH:1
FNDA:2,(anonymous_0)
DA:3,2
DA:7,2
DA:9,2
LF:3
LH:3
BRF:0
BRH:0
end_of_record
TN:
SF:/Users/jamesenejo/Projects/Invergent/SmartFix/sf-be/src/tests/utils/commonAssertions.js
FN:2,(anonymous_0)
FNF:1
FNH:1
FNDA:5,(anonymous_0)
DA:3,5
DA:4,5
DA:5,5
LF:3
LH:3
BRF:0
BRH:0
end_of_record
TN:
SF:/Users/jamesenejo/Projects/Invergent/SmartFix/sf-be/src/tests/utils/userToken.js
FNF:0
FNH:0
DA:1,0
LF:1
LH:0
BRF:0
BRH:0
end_of_record
TN:
SF:/Users/jamesenejo/Projects/Invergent/SmartFix/sf-be/src/utility/ErrorHandler.js
FN:6,(anonymous_0)
FN:10,(anonymous_1)
FNF:2
FNH:2
FNDA:1,(anonymous_0)
FNDA:1,(anonymous_1)
DA:3,2
DA:7,1
DA:11,1
DA:13,1
DA:14,1
DA:15,1
LF:6
LH:6
BRDA:10,0,0,1
BRDA:13,1,0,1
BRDA:13,1,1,0
BRF:3
BRH:2
end_of_record
TN:
SF:/Users/jamesenejo/Projects/Invergent/SmartFix/sf-be/src/utility/Respond.js
FN:2,(anonymous_0)
FN:6,(anonymous_1)
FN:10,(anonymous_2)
FN:14,(anonymous_3)
FN:18,(anonymous_4)
FN:26,(anonymous_5)
FNF:6
FNH:4
FNDA:7,(anonymous_0)
FNDA:1,(anonymous_1)
FNDA:5,(anonymous_2)
FNDA:0,(anonymous_3)
FNDA:1,(anonymous_4)
FNDA:0,(anonymous_5)
DA:3,7
DA:7,1
DA:11,5
DA:15,0
DA:19,1
DA:27,0
LF:6
LH:4
BRF:0
BRH:0
end_of_record
TN:
SF:/Users/jamesenejo/Projects/Invergent/SmartFix/sf-be/src/utility/Validation.js
FN:2,(anonymous_0)
FN:15,(anonymous_1)
FN:22,(anonymous_2)
FN:23,(anonymous_3)
FN:34,(anonymous_4)
FN:39,(anonymous_5)
FN:44,(anonymous_6)
FN:50,(anonymous_7)
FNF:8
FNH:8
FNDA:7,(anonymous_0)
FNDA:7,(anonymous_1)
FNDA:6,(anonymous_2)
FNDA:12,(anonymous_3)
FNDA:5,(anonymous_4)
FNDA:5,(anonymous_5)
FNDA:7,(anonymous_6)
FNDA:5,(anonymous_7)
DA:3,7
DA:4,7
DA:5,7
DA:6,7
DA:8,7
DA:9,6
DA:11,5
DA:12,5
DA:16,7
DA:17,1
DA:18,1
DA:23,6
DA:24,12
DA:25,12
DA:28,6
DA:29,1
DA:30,1
DA:35,5
DA:36,5
DA:40,5
DA:41,5
DA:42,4
DA:44,7
DA:46,3
DA:47,2
DA:51,5
DA:52,4
LF:27
LH:27
BRDA:8,0,0,1
BRDA:8,0,1,6
BRDA:9,1,0,1
BRDA:9,1,1,5
BRDA:16,2,0,1
BRDA:16,2,1,6
BRDA:24,3,0,1
BRDA:24,3,1,11
BRDA:28,4,0,1
BRDA:28,4,1,5
BRDA:41,5,0,1
BRDA:41,5,1,4
BRDA:42,6,0,1
BRDA:42,6,1,3
BRDA:46,7,0,1
BRDA:46,7,1,2
BRDA:51,8,0,1
BRDA:51,8,1,4
BRF:18
BRH:18
end_of_record
TN:
SF:/Users/jamesenejo/Projects/Invergent/SmartFix/sf-be/src/utility/expectedFields.js
FNF:0
FNH:0
LF:0
LH:0
BRF:0
BRH:0
end_of_record
TN:
SF:/Users/jamesenejo/Projects/Invergent/SmartFix/sf-be/src/utility/regexen.js
FNF:0
FNH:0
LF:0
LH:0
BRF:0
BRH:0
end_of_record
TN:
SF:/Users/jamesenejo/Projects/Invergent/SmartFix/sf-be/src/utility/types.js
FNF:0
FNH:0
DA:1,2
DA:11,2
DA:18,2
DA:23,2
LF:4
LH:4
BRF:0
BRH:0
end_of_record
TN:
SF:/Users/jamesenejo/Projects/Invergent/SmartFix/sf-be/src/utility/urls.js
FNF:0
FNH:0
DA:1,2
LF:1
LH:1
BRF:0
BRH:0
end_of_record
